[debug] [2017-12-09T02:37:04.052Z] ----------------------------------------------------------------------
[debug] [2017-12-09T02:37:04.054Z] Command:       /usr/local/bin/node /usr/local/bin/firebase deploy --only hosting
[debug] [2017-12-09T02:37:04.054Z] CLI Version:   3.15.1
[debug] [2017-12-09T02:37:04.054Z] Platform:      darwin
[debug] [2017-12-09T02:37:04.054Z] Node Version:  v7.10.0
[debug] [2017-12-09T02:37:04.055Z] Time:          Sat Dec 09 2017 13:37:04 GMT+1100 (AEDT)
[debug] [2017-12-09T02:37:04.055Z] ----------------------------------------------------------------------
[debug] 
[debug] [2017-12-09T02:37:04.067Z] > command requires scopes: ["email","openid","https://www.googleapis.com/auth/cloudplatformprojects.readonly","https://www.googleapis.com/auth/firebase","https://www.googleapis.com/auth/cloud-platform"]
[debug] [2017-12-09T02:37:04.067Z] > authorizing via signed-in user
[debug] [2017-12-09T02:37:04.069Z] >>> HTTP REQUEST GET https://admin.firebase.com/v1/projects/gamestack-app  
 Sat Dec 09 2017 13:37:04 GMT+1100 (AEDT)
[debug] [2017-12-09T02:37:07.304Z] <<< HTTP RESPONSE 200
[debug] [2017-12-09T02:37:07.306Z] >>> HTTP REQUEST GET https://admin.firebase.com/v1/database/gamestack-app/tokens  
 Sat Dec 09 2017 13:37:07 GMT+1100 (AEDT)
[debug] [2017-12-09T02:37:08.818Z] <<< HTTP RESPONSE 200
[info] 
[info] === Deploying to 'gamestack-app'...
[info] 
[info] i  deploying hosting
[info] i  hosting: preparing build directory for upload...
[debug] [2017-12-09T02:37:10.600Z] >>> HTTP REQUEST PUT https://deploy.firebase.com/v1/hosting/gamestack-app/uploads/-L-t7Y-JxpfledM3z6WM?fileCount=27&message=  
 Sat Dec 09 2017 13:37:10 GMT+1100 (AEDT)
[debug] [2017-12-09T02:54:27.257Z] ----------------------------------------------------------------------
[debug] [2017-12-09T02:54:27.259Z] Command:       /usr/local/bin/node /usr/local/bin/firebase deploy --only hosting
[debug] [2017-12-09T02:54:27.260Z] CLI Version:   3.15.1
[debug] [2017-12-09T02:54:27.260Z] Platform:      darwin
[debug] [2017-12-09T02:54:27.260Z] Node Version:  v7.10.0
[debug] [2017-12-09T02:54:27.261Z] Time:          Sat Dec 09 2017 13:54:27 GMT+1100 (AEDT)
[debug] [2017-12-09T02:54:27.261Z] ----------------------------------------------------------------------
[debug] 
[debug] [2017-12-09T02:54:27.273Z] > command requires scopes: ["email","openid","https://www.googleapis.com/auth/cloudplatformprojects.readonly","https://www.googleapis.com/auth/firebase","https://www.googleapis.com/auth/cloud-platform"]
[debug] [2017-12-09T02:54:27.273Z] > authorizing via signed-in user
[debug] [2017-12-09T02:54:27.275Z] >>> HTTP REQUEST GET https://admin.firebase.com/v1/projects/gamestack-app  
 Sat Dec 09 2017 13:54:27 GMT+1100 (AEDT)
[debug] [2017-12-09T02:54:28.879Z] <<< HTTP RESPONSE 200
[debug] [2017-12-09T02:54:28.880Z] >>> HTTP REQUEST GET https://admin.firebase.com/v1/database/gamestack-app/tokens  
 Sat Dec 09 2017 13:54:28 GMT+1100 (AEDT)
[debug] [2017-12-09T02:54:29.738Z] <<< HTTP RESPONSE 200
[info] 
[info] === Deploying to 'gamestack-app'...
[info] 
[info] i  deploying hosting
[info] i  hosting: preparing build directory for upload...
[debug] [2017-12-09T02:54:32.457Z] >>> HTTP REQUEST PUT https://deploy.firebase.com/v1/hosting/gamestack-app/uploads/-L-tBWMm4K-bqVHCg12e?fileCount=27&message=  
 Sat Dec 09 2017 13:54:32 GMT+1100 (AEDT)
[debug] [2017-12-09T03:03:10.102Z] ----------------------------------------------------------------------
[debug] [2017-12-09T03:03:10.104Z] Command:       /usr/local/bin/node /usr/local/bin/firebase deploy --only hosting
[debug] [2017-12-09T03:03:10.105Z] CLI Version:   3.16.0
[debug] [2017-12-09T03:03:10.105Z] Platform:      darwin
[debug] [2017-12-09T03:03:10.105Z] Node Version:  v7.10.0
[debug] [2017-12-09T03:03:10.105Z] Time:          Sat Dec 09 2017 14:03:10 GMT+1100 (AEDT)
[debug] [2017-12-09T03:03:10.106Z] ----------------------------------------------------------------------
[debug] 
[debug] [2017-12-09T03:03:10.118Z] > command requires scopes: ["email","openid","https://www.googleapis.com/auth/cloudplatformprojects.readonly","https://www.googleapis.com/auth/firebase","https://www.googleapis.com/auth/cloud-platform"]
[debug] [2017-12-09T03:03:10.118Z] > authorizing via signed-in user
[debug] [2017-12-09T03:03:10.120Z] > refreshing access token with scopes: ["email","https://www.googleapis.com/auth/cloud-platform","https://www.googleapis.com/auth/cloudplatformprojects.readonly","https://www.googleapis.com/auth/firebase","openid"]
[debug] [2017-12-09T03:03:10.120Z] >>> HTTP REQUEST POST https://www.googleapis.com/oauth2/v3/token  
 { refresh_token: '1/WIMon3t1rEzahAUtoIzouLCpOldtUSBIJGdPn8G9pAc',
  client_id: '563584335869-fgrhgmd47bqnekij5i8b5pr03ho849e6.apps.googleusercontent.com',
  client_secret: 'j9iVZfS8kkCEFUPaAeJV0sAi',
  grant_type: 'refresh_token',
  scope: 'email https://www.googleapis.com/auth/cloud-platform https://www.googleapis.com/auth/cloudplatformprojects.readonly https://www.googleapis.com/auth/firebase openid' } 
 Sat Dec 09 2017 14:03:10 GMT+1100 (AEDT)
[debug] [2017-12-09T03:03:10.555Z] <<< HTTP RESPONSE 200
[debug] [2017-12-09T03:03:10.569Z] >>> HTTP REQUEST GET https://admin.firebase.com/v1/projects/gamestack-app  
  
 Sat Dec 09 2017 14:03:10 GMT+1100 (AEDT)
[debug] [2017-12-09T03:03:11.943Z] <<< HTTP RESPONSE 200
[debug] [2017-12-09T03:03:11.944Z] >>> HTTP REQUEST GET https://admin.firebase.com/v1/database/gamestack-app/tokens  
  
 Sat Dec 09 2017 14:03:11 GMT+1100 (AEDT)
[debug] [2017-12-09T03:03:12.947Z] <<< HTTP RESPONSE 200
[info] 
[info] === Deploying to 'gamestack-app'...
[info] 
[info] i  deploying hosting
[info] i  hosting: preparing build directory for upload...
[debug] [2017-12-09T03:03:14.587Z] >>> HTTP REQUEST PUT https://deploy.firebase.com/v1/hosting/gamestack-app/uploads/-L-tDVpcyEv8rHcnNAG3?fileCount=27&message=  
  
 Sat Dec 09 2017 14:03:14 GMT+1100 (AEDT)
[debug] [2017-12-09T03:29:55.221Z] ----------------------------------------------------------------------
[debug] [2017-12-09T03:29:55.224Z] Command:       /usr/local/bin/node /usr/local/bin/firebase deploy --only hosting
[debug] [2017-12-09T03:29:55.224Z] CLI Version:   3.16.0
[debug] [2017-12-09T03:29:55.224Z] Platform:      darwin
[debug] [2017-12-09T03:29:55.224Z] Node Version:  v7.10.0
[debug] [2017-12-09T03:29:55.225Z] Time:          Sat Dec 09 2017 14:29:55 GMT+1100 (AEDT)
[debug] [2017-12-09T03:29:55.226Z] ----------------------------------------------------------------------
[debug] 
[debug] [2017-12-09T03:29:55.238Z] > command requires scopes: ["email","openid","https://www.googleapis.com/auth/cloudplatformprojects.readonly","https://www.googleapis.com/auth/firebase","https://www.googleapis.com/auth/cloud-platform"]
[debug] [2017-12-09T03:29:55.239Z] > authorizing via signed-in user
[debug] [2017-12-09T03:29:55.242Z] >>> HTTP REQUEST GET https://admin.firebase.com/v1/projects/gamestack-app  
  
 Sat Dec 09 2017 14:29:55 GMT+1100 (AEDT)
[debug] [2017-12-09T03:29:58.031Z] <<< HTTP RESPONSE 200
[debug] [2017-12-09T03:29:58.032Z] >>> HTTP REQUEST GET https://admin.firebase.com/v1/database/gamestack-app/tokens  
  
 Sat Dec 09 2017 14:29:58 GMT+1100 (AEDT)
[debug] [2017-12-09T03:29:59.829Z] <<< HTTP RESPONSE 200
[info] 
[info] === Deploying to 'gamestack-app'...
[info] 
[info] i  deploying hosting
[info] i  hosting: preparing build directory for upload...
[debug] [2017-12-09T03:30:01.842Z] >>> HTTP REQUEST PUT https://deploy.firebase.com/v1/hosting/gamestack-app/uploads/-L-tJdBstQTdrx8ZyXeo?fileCount=25&message=  
  
 Sat Dec 09 2017 14:30:01 GMT+1100 (AEDT)
